# JRE version: 7.0_09-b05
# Java VM: Java HotSpot(TM) Client VM (23.5-b02 mixed mode, sharing windows-x86 )
Heap
 def new generation   total 4928K, used 754K [0x24850000, 0x24da0000, 0x29da0000)
  eden space 4416K,   5% used [0x24850000, 0x2488f6e0, 0x24ca0000)
  from space 512K,  97% used [0x24d20000, 0x24d9d438, 0x24da0000)
  to   space 512K,   0% used [0x24ca0000, 0x24ca0000, 0x24d20000)
 tenured generation   total 10944K, used 3821K [0x29da0000, 0x2a850000, 0x34850000)
   the space 10944K,  34% used [0x29da0000, 0x2a15b640, 0x2a15b800, 0x2a850000)
 compacting perm gen  total 12288K, used 2645K [0x34850000, 0x35450000, 0x38850000)
   the space 12288K,  21% used [0x34850000, 0x34ae5458, 0x34ae5600, 0x35450000)
    ro space 10240K,  45% used [0x38850000, 0x38cd5880, 0x38cd5a00, 0x39250000)
    rw space 12288K,  54% used [0x39250000, 0x398d8a58, 0x398d8c00, 0x39e50000)
GC Heap History (6 events):
Event: 0.307 GC heap before
{Heap before GC invocations=0 (full 0):
 def new generation   total 4928K, used 4379K [0x24850000, 0x24da0000, 0x29da0000)
  eden space 4416K,  99% used [0x24850000, 0x24c96cc0, 0x24ca0000)
  from space 512K,   0% used [0x24ca0000, 0x24ca0000, 0x24d20000)
  to   space 512K,   0% used [0x24d20000, 0x24d20000, 0x24da0000)
 tenured generation   total 10944K, used 0K [0x29da0000, 0x2a850000, 0x34850000)
   the space 10944K,   0% used [0x29da0000, 0x29da0000, 0x29da0200, 0x2a850000)
 compacting perm gen  total 12288K, used 1637K [0x34850000, 0x35450000, 0x38850000)
   the space 12288K,  13% used [0x34850000, 0x349e9418, 0x349e9600, 0x35450000)
    ro space 10240K,  45% used [0x38850000, 0x38cd5880, 0x38cd5a00, 0x39250000)
    rw space 12288K,  54% used [0x39250000, 0x398d8a58, 0x398d8c00, 0x39e50000)
Event: 0.313 GC heap after
Heap after GC invocations=1 (full 0):
 def new generation   total 4928K, used 512K [0x24850000, 0x24da0000, 0x29da0000)
  eden space 4416K,   0% used [0x24850000, 0x24850000, 0x24ca0000)
  from space 512K, 100% used [0x24d20000, 0x24da0000, 0x24da0000)
  to   space 512K,   0% used [0x24ca0000, 0x24ca0000, 0x24d20000)
 tenured generation   total 10944K, used 881K [0x29da0000, 0x2a850000, 0x34850000)
   the space 10944K,   8% used [0x29da0000, 0x29e7c400, 0x29e7c400, 0x2a850000)
 compacting perm gen  total 12288K, used 1637K [0x34850000, 0x35450000, 0x38850000)
   the space 12288K,  13% used [0x34850000, 0x349e9418, 0x349e9600, 0x35450000)
    ro space 10240K,  45% used [0x38850000, 0x38cd5880, 0x38cd5a00, 0x39250000)
    rw space 12288K,  54% used [0x39250000, 0x398d8a58, 0x398d8c00, 0x39e50000)
}
Event: 0.935 GC heap before
{Heap before GC invocations=1 (full 0):
 def new generation   total 4928K, used 4928K [0x24850000, 0x24da0000, 0x29da0000)
  eden space 4416K, 100% used [0x24850000, 0x24ca0000, 0x24ca0000)
  from space 512K, 100% used [0x24d20000, 0x24da0000, 0x24da0000)
  to   space 512K,   0% used [0x24ca0000, 0x24ca0000, 0x24d20000)
 tenured generation   total 10944K, used 881K [0x29da0000, 0x2a850000, 0x34850000)
   the space 10944K,   8% used [0x29da0000, 0x29e7c400, 0x29e7c400, 0x2a850000)
 compacting perm gen  total 12288K, used 2475K [0x34850000, 0x35450000, 0x38850000)
   the space 12288K,  20% used [0x34850000, 0x34abafa0, 0x34abb000, 0x35450000)
    ro space 10240K,  45% used [0x38850000, 0x38cd5880, 0x38cd5a00, 0x39250000)
    rw space 12288K,  54% used [0x39250000, 0x398d8a58, 0x398d8c00, 0x39e50000)
Event: 0.942 GC heap after
Heap after GC invocations=2 (full 0):
 def new generation   total 4928K, used 512K [0x24850000, 0x24da0000, 0x29da0000)
  eden space 4416K,   0% used [0x24850000, 0x24850000, 0x24ca0000)
  from space 512K, 100% used [0x24ca0000, 0x24d20000, 0x24d20000)
  to   space 512K,   0% used [0x24d20000, 0x24d20000, 0x24da0000)
 tenured generation   total 10944K, used 3311K [0x29da0000, 0x2a850000, 0x34850000)
   the space 10944K,  30% used [0x29da0000, 0x2a0dbf80, 0x2a0dc000, 0x2a850000)
 compacting perm gen  total 12288K, used 2475K [0x34850000, 0x35450000, 0x38850000)
   the space 12288K,  20% used [0x34850000, 0x34abafa0, 0x34abb000, 0x35450000)
    ro space 10240K,  45% used [0x38850000, 0x38cd5880, 0x38cd5a00, 0x39250000)
    rw space 12288K,  54% used [0x39250000, 0x398d8a58, 0x398d8c00, 0x39e50000)
}
Event: 10.013 GC heap before
{Heap before GC invocations=2 (full 0):
 def new generation   total 4928K, used 4928K [0x24850000, 0x24da0000, 0x29da0000)
  eden space 4416K, 100% used [0x24850000, 0x24ca0000, 0x24ca0000)
  from space 512K, 100% used [0x24ca0000, 0x24d20000, 0x24d20000)
  to   space 512K,   0% used [0x24d20000, 0x24d20000, 0x24da0000)
 tenured generation   total 10944K, used 3311K [0x29da0000, 0x2a850000, 0x34850000)
   the space 10944K,  30% used [0x29da0000, 0x2a0dbf80, 0x2a0dc000, 0x2a850000)
 compacting perm gen  total 12288K, used 2645K [0x34850000, 0x35450000, 0x38850000)
   the space 12288K,  21% used [0x34850000, 0x34ae5458, 0x34ae5600, 0x35450000)
    ro space 10240K,  45% used [0x38850000, 0x38cd5880, 0x38cd5a00, 0x39250000)
    rw space 12288K,  54% used [0x39250000, 0x398d8a58, 0x398d8c00, 0x39e50000)
Event: 10.018 GC heap after
Heap after GC invocations=3 (full 0):
 def new generation   total 4928K, used 501K [0x24850000, 0x24da0000, 0x29da0000)
  eden space 4416K,   0% used [0x24850000, 0x24850000, 0x24ca0000)
  from space 512K,  97% used [0x24d20000, 0x24d9d438, 0x24da0000)
  to   space 512K,   0% used [0x24ca0000, 0x24ca0000, 0x24d20000)
 tenured generation   total 10944K, used 3821K [0x29da0000, 0x2a850000, 0x34850000)
   the space 10944K,  34% used [0x29da0000, 0x2a15b640, 0x2a15b800, 0x2a850000)
 compacting perm gen  total 12288K, used 2645K [0x34850000, 0x35450000, 0x38850000)
   the space 12288K,  21% used [0x34850000, 0x34ae5458, 0x34ae5600, 0x35450000)
    ro space 10240K,  45% used [0x38850000, 0x38cd5880, 0x38cd5a00, 0x39250000)
    rw space 12288K,  54% used [0x39250000, 0x398d8a58, 0x398d8c00, 0x39e50000)
}

